<?xml version="1.0" encoding="UTF-8"?>
<!-- Generated by org.testng.reporters.JUnitReportReporter -->
<testsuite hostname="DESKTOP-83C1RSU" failures="0" tests="1" name="testPages.LoginTest" time="3.746" errors="0" timestamp="2024-01-10T12:06:27 IST" skipped="0">
  <testcase classname="testPages.LoginTest" name="testLogin" time="3.746"/>
  <system-out/>
</testsuite> <!-- testPages.LoginTest -->
