<?xml version="1.0" encoding="UTF-8"?>
<!-- Generated by org.testng.reporters.JUnitReportReporter -->
<testsuite hostname="DESKTOP-83C1RSU" failures="0" tests="3" name="pages.DataDrivenDemoWebShop" time="2.640" errors="0" timestamp="2024-01-10T12:13:09 IST" skipped="0">
  <testcase classname="pages.DataDrivenDemoWebShop" name="CreateAccount" time="0.955"/>
  <system-out/>
  <testcase classname="pages.DataDrivenDemoWebShop" name="CreateAccount" time="0.908"/>
  <system-out/>
  <testcase classname="pages.DataDrivenDemoWebShop" name="CreateAccount" time="0.777"/>
  <system-out/>
</testsuite> <!-- pages.DataDrivenDemoWebShop -->
