<?xml version="1.0" encoding="UTF-8"?>
<!-- Generated by org.testng.reporters.JUnitReportReporter -->
<testsuite hostname="DESKTOP-83C1RSU" failures="0" tests="3" name="com.datadrivenExcelSheets.ParameterDemo" time="3.633" errors="0" timestamp="2023-11-16T23:56:18 IST" skipped="0">
  <testcase classname="com.datadrivenExcelSheets.ParameterDemo" name="login" time="1.188"/>
  <system-out/>
  <testcase classname="com.datadrivenExcelSheets.ParameterDemo" name="login" time="1.218"/>
  <system-out/>
  <testcase classname="com.datadrivenExcelSheets.ParameterDemo" name="login" time="1.227"/>
  <system-out/>
</testsuite> <!-- com.datadrivenExcelSheets.ParameterDemo -->
