<?xml version="1.0" encoding="UTF-8"?>
<!-- Generated by org.testng.reporters.JUnitReportReporter -->
<testsuite hostname="DESKTOP-83C1RSU" failures="0" tests="9" name="com.datadrivenExcelSheets.Wiki_CreateAccount" time="24.056" errors="0" timestamp="2023-11-16T23:58:38 IST" skipped="0">
  <testcase classname="com.datadrivenExcelSheets.Wiki_CreateAccount" name="CreateAccount" time="2.592"/>
  <system-out/>
  <testcase classname="com.datadrivenExcelSheets.Wiki_CreateAccount" name="CreateAccount" time="2.654"/>
  <system-out/>
  <testcase classname="com.datadrivenExcelSheets.Wiki_CreateAccount" name="CreateAccount" time="2.546"/>
  <system-out/>
  <testcase classname="com.datadrivenExcelSheets.Wiki_CreateAccount" name="CreateAccount" time="2.701"/>
  <system-out/>
  <testcase classname="com.datadrivenExcelSheets.Wiki_CreateAccount" name="CreateAccount" time="2.577"/>
  <system-out/>
  <testcase classname="com.datadrivenExcelSheets.Wiki_CreateAccount" name="CreateAccount" time="3.015"/>
  <system-out/>
  <testcase classname="com.datadrivenExcelSheets.Wiki_CreateAccount" name="CreateAccount" time="2.652"/>
  <system-out/>
  <testcase classname="com.datadrivenExcelSheets.Wiki_CreateAccount" name="CreateAccount" time="2.635"/>
  <system-out/>
  <testcase classname="com.datadrivenExcelSheets.Wiki_CreateAccount" name="CreateAccount" time="2.684"/>
  <system-out/>
</testsuite> <!-- com.datadrivenExcelSheets.Wiki_CreateAccount -->
